<?xml version="1.0" encoding="UTF-8"?>
<!-- Generated by org.testng.reporters.JUnitReportReporter -->
<testsuite skipped="0" hostname="MacBook-Pro-Pras.local" name="testcase.checkoutNoSnap" tests="1" failures="0" timestamp="07 May 2018 10:49:44 GMT" time="26.273" errors="0">
  <testcase name="scenario_satu" time="26.273" classname="testcase.checkoutNoSnap"/>
</testsuite> <!-- testcase.checkoutNoSnap -->
