<?xml version="1.0" encoding="UTF-8"?>
<!-- Generated by org.testng.reporters.JUnitReportReporter -->
<testsuite skipped="0" hostname="MacBook-Pro" name="testcase.order" tests="1" failures="0" timestamp="20 Sep 2017 07:26:36 GMT" time="25.858" errors="0">
  <testcase name="scenario_satu" time="25.858" classname="testcase.order"/>
</testsuite> <!-- testcase.order -->
