<?xml version="1.0" encoding="UTF-8"?>
<!-- Generated by org.testng.reporters.JUnitReportReporter -->
<testsuite skipped="0" hostname="MBP-Pras" name="testcase.CheckoutSnapIns" tests="1" failures="0" timestamp="28 Feb 2018 07:21:42 GMT" time="69.983" errors="0">
  <testcase name="scenario_satu" time="69.983" classname="testcase.CheckoutSnapIns"/>
</testsuite> <!-- testcase.CheckoutSnapIns -->
