<?xml version="1.0" encoding="UTF-8"?>
<!-- Generated by org.testng.reporters.JUnitReportReporter -->
<testsuite skipped="0" hostname="MacBook-Pro-Pras.local" name="testcase.productListVitaminSerum" tests="1" failures="0" timestamp="16 May 2018 12:02:41 GMT" time="40.251" errors="0">
  <testcase name="scenario_satu" time="40.251" classname="testcase.productListVitaminSerum"/>
</testsuite> <!-- testcase.productListVitaminSerum -->
