<?xml version="1.0" encoding="UTF-8"?>
<!-- Generated by org.testng.reporters.JUnitReportReporter -->
<testsuite skipped="0" hostname="MacBook-Pro-Pras.local" name="testcase.createAccount" tests="1" failures="0" timestamp="17 Sep 2018 11:20:19 GMT" time="11.775" errors="0">
  <testcase name="scenario_satu" time="11.775" classname="testcase.createAccount"/>
</testsuite> <!-- testcase.createAccount -->
