<?xml version="1.0" encoding="UTF-8"?>
<!-- Generated by org.testng.reporters.JUnitReportReporter -->
<testsuite skipped="0" hostname="MacBook-Pro-Pras.local" name="testcase.addProduct" tests="1" failures="0" timestamp="16 May 2018 05:58:52 GMT" time="59.047" errors="0">
  <testcase name="scenario_satu" time="59.047" classname="testcase.addProduct"/>
</testsuite> <!-- testcase.addProduct -->
