<?xml version="1.0" encoding="UTF-8"?>
<!-- Generated by org.testng.reporters.JUnitReportReporter -->
<testsuite skipped="0" hostname="MacBook-Pro-Pras.local" name="testcase.searchBrand" tests="1" failures="0" timestamp="31 May 2018 06:40:01 GMT" time="76.665" errors="0">
  <testcase name="scenario_satu" time="76.665" classname="testcase.searchBrand"/>
</testsuite> <!-- testcase.searchBrand -->
