<?xml version="1.0" encoding="UTF-8"?>
<!-- Generated by org.testng.reporters.JUnitReportReporter -->
<testsuite skipped="0" hostname="MacBook-Pro-Pras.local" name="testcase.kumparan" tests="1" failures="0" timestamp="11 Feb 2018 03:03:40 GMT" time="26.694" errors="0">
  <testcase name="scenario_satu" time="26.694" classname="testcase.kumparan"/>
</testsuite> <!-- testcase.kumparan -->
