<?xml version="1.0" encoding="UTF-8"?>
<!-- Generated by org.testng.reporters.JUnitReportReporter -->
<testsuite skipped="0" hostname="MacBook-Pro-Pras.local" name="testcase.createAccountInvalidFormatEmail" tests="1" failures="0" timestamp="19 Sep 2018 04:29:14 GMT" time="13.128" errors="0">
  <testcase name="scenario_satu" time="13.128" classname="testcase.createAccountInvalidFormatEmail"/>
</testsuite> <!-- testcase.createAccountInvalidFormatEmail -->
