<?xml version="1.0" encoding="UTF-8"?>
<!-- Generated by org.testng.reporters.JUnitReportReporter -->
<testsuite skipped="0" hostname="MacBook-Pro-Pras.local" name="testcase.loadPreviousComment" tests="1" failures="0" timestamp="21 May 2018 12:36:51 GMT" time="51.094" errors="0">
  <testcase name="scenario_satu" time="51.094" classname="testcase.loadPreviousComment"/>
</testsuite> <!-- testcase.loadPreviousComment -->
