<?xml version="1.0" encoding="UTF-8"?>
<!-- Generated by org.testng.reporters.JUnitReportReporter -->
<testsuite skipped="0" hostname="MacBook-Pro-Pras.local" name="testcase.forgotPasswordInvalidEmail" tests="1" failures="0" timestamp="24 May 2018 09:04:35 GMT" time="37.815" errors="0">
  <testcase name="scenario_satu" time="37.815" classname="testcase.forgotPasswordInvalidEmail"/>
</testsuite> <!-- testcase.forgotPasswordInvalidEmail -->
