<?xml version="1.0" encoding="UTF-8"?>
<!-- Generated by org.testng.reporters.JUnitReportReporter -->
<testsuite skipped="0" hostname="MacBook-Pro-Pras.local" name="testcase.checkoutNoSnap" tests="1" failures="0" timestamp="07 May 2018 02:40:09 GMT" time="56.103" errors="0">
  <testcase name="scenario_satu" time="56.103" classname="testcase.checkoutNoSnap"/>
</testsuite> <!-- testcase.checkoutNoSnap -->
