<?xml version="1.0" encoding="UTF-8"?>
<!-- Generated by org.testng.reporters.JUnitReportReporter -->
<testsuite skipped="0" hostname="MacBook-Pro-Pras.local" name="testcase.hoverProductListLoggedIn" tests="1" failures="0" timestamp="16 May 2018 09:11:42 GMT" time="45.488" errors="0">
  <testcase name="scenario_satu" time="45.488" classname="testcase.hoverProductListLoggedIn"/>
</testsuite> <!-- testcase.hoverProductListLoggedIn -->
