<?xml version="1.0" encoding="UTF-8"?>
<!-- Generated by org.testng.reporters.JUnitReportReporter -->
<testsuite skipped="0" hostname="MacBook-Pro-Pras.local" name="testcase.hoverProductListGuest" tests="1" failures="0" timestamp="16 May 2018 08:05:58 GMT" time="40.196" errors="0">
  <testcase name="scenario_satu" time="40.196" classname="testcase.hoverProductListGuest"/>
</testsuite> <!-- testcase.hoverProductListGuest -->
