<?xml version="1.0" encoding="UTF-8"?>
<!-- Generated by org.testng.reporters.JUnitReportReporter -->
<testsuite skipped="0" hostname="MacBook-Pro-Pras.local" name="testcase.addReviewReviewsPage" tests="1" failures="0" timestamp="04 Jun 2018 06:17:34 GMT" time="137.441" errors="0">
  <testcase name="scenario_satu" time="137.441" classname="testcase.addReviewReviewsPage"/>
</testsuite> <!-- testcase.addReviewReviewsPage -->
