<?xml version="1.0" encoding="UTF-8"?>
<!-- Generated by org.testng.reporters.JUnitReportReporter -->
<testsuite skipped="0" hostname="MacBook-Pro-Pras.local" name="testcase.addProductImageUrl" tests="1" failures="0" timestamp="24 Sep 2018 08:06:47 GMT" time="29.104" errors="0">
  <testcase name="scenario_satu" time="29.104" classname="testcase.addProductImageUrl"/>
</testsuite> <!-- testcase.addProductImageUrl -->
