<?xml version="1.0" encoding="UTF-8"?>
<!-- Generated by org.testng.reporters.JUnitReportReporter -->
<testsuite skipped="0" hostname="MacBook-Pro-Pras.local" name="testcase.addProductEditStep" tests="1" failures="0" timestamp="15 May 2018 11:23:23 GMT" time="67.255" errors="0">
  <testcase name="scenario_satu" time="67.255" classname="testcase.addProductEditStep"/>
</testsuite> <!-- testcase.addProductEditStep -->
