<?xml version="1.0" encoding="UTF-8"?>
<!-- Generated by org.testng.reporters.JUnitReportReporter -->
<testsuite skipped="0" hostname="MacBook-Pro-Pras.local" name="testcase.createAccountUsingRegisteredEmail" tests="1" failures="0" timestamp="24 May 2018 04:14:08 GMT" time="35.636" errors="0">
  <testcase name="scenario_satu" time="35.636" classname="testcase.createAccountUsingRegisteredEmail"/>
</testsuite> <!-- testcase.createAccountUsingRegisteredEmail -->
