<?xml version="1.0" encoding="UTF-8"?>
<!-- Generated by org.testng.reporters.JUnitReportReporter -->
<testsuite skipped="0" hostname="MacBook-Pro-Pras.local" name="testcase.addProductImageUrl" tests="1" failures="0" timestamp="15 May 2018 12:16:06 GMT" time="47.028" errors="0">
  <testcase name="scenario_satu" time="47.028" classname="testcase.addProductImageUrl"/>
</testsuite> <!-- testcase.addProductImageUrl -->
