<?xml version="1.0" encoding="UTF-8"?>
<!-- Generated by org.testng.reporters.JUnitReportReporter -->
<testsuite skipped="1" hostname="MacBook-Pro-Pras.local" name="testcase.checkoutSnap" tests="1" failures="0" timestamp="04 May 2018 07:11:08 GMT" time="0.001" errors="0">
  <testcase name="scenario_dua" time="0.001" classname="testcase.checkoutSnap">
    <skipped/>
  </testcase> <!-- scenario_dua -->
</testsuite> <!-- testcase.checkoutSnap -->
