<?xml version="1.0" encoding="UTF-8"?>
<!-- Generated by org.testng.reporters.JUnitReportReporter -->
<testsuite skipped="0" hostname="MacBook-Pro-Pras.local" name="testcase.hoverProductListGuest" tests="1" failures="0" timestamp="16 May 2018 07:30:23 GMT" time="39.428" errors="0">
  <testcase name="scenario_satu" time="39.428" classname="testcase.hoverProductListGuest"/>
</testsuite> <!-- testcase.hoverProductListGuest -->
