<?xml version="1.0" encoding="UTF-8"?>
<!-- Generated by org.testng.reporters.JUnitReportReporter -->
<testsuite skipped="0" hostname="MacBook-Pro-Pras.local" name="testcase.addProductLoggedIn" tests="1" failures="0" timestamp="15 May 2018 09:59:35 GMT" time="61.358" errors="0">
  <testcase name="scenario_satu" time="61.358" classname="testcase.addProductLoggedIn"/>
</testsuite> <!-- testcase.addProductLoggedIn -->
