<?xml version="1.0" encoding="UTF-8"?>
<!-- Generated by org.testng.reporters.JUnitReportReporter -->
<testsuite skipped="0" hostname="MacBook-Pro-Pras.local" name="testcase.createAccount" tests="1" failures="0" timestamp="18 Sep 2018 09:10:26 GMT" time="39.314" errors="0">
  <testcase name="scenario_satu" time="39.314" classname="testcase.createAccount"/>
</testsuite> <!-- testcase.createAccount -->
