<?xml version="1.0" encoding="UTF-8"?>
<!-- Generated by org.testng.reporters.JUnitReportReporter -->
<testsuite skipped="1" hostname="MBP-Pras" name="testcase.checkoutNoSnap" tests="1" failures="0" timestamp="30 Apr 2018 03:00:27 GMT" time="0.000" errors="0">
  <testcase name="scenario_satu" time="0.000" classname="testcase.checkoutNoSnap">
    <skipped/>
  </testcase> <!-- scenario_satu -->
</testsuite> <!-- testcase.checkoutNoSnap -->
