<?xml version="1.0" encoding="UTF-8"?>
<!-- Generated by org.testng.reporters.JUnitReportReporter -->
<testsuite skipped="0" hostname="MacBook-Pro-Pras.local" name="testcase.createAccountInvalidFormatEmail" tests="1" failures="0" timestamp="24 May 2018 04:03:26 GMT" time="34.838" errors="0">
  <testcase name="scenario_satu" time="34.838" classname="testcase.createAccountInvalidFormatEmail"/>
</testsuite> <!-- testcase.createAccountInvalidFormatEmail -->
