<?xml version="1.0" encoding="UTF-8"?>
<!-- Generated by org.testng.reporters.JUnitReportReporter -->
<testsuite skipped="0" hostname="MacBook-Pro-Pras.local" name="testcase.createAccountPasswordLess6" tests="1" failures="0" timestamp="24 May 2018 04:11:17 GMT" time="39.502" errors="0">
  <testcase name="scenario_satu" time="39.502" classname="testcase.createAccountPasswordLess6"/>
</testsuite> <!-- testcase.createAccountPasswordLess6 -->
