<?xml version="1.0" encoding="UTF-8"?>
<!-- Generated by org.testng.reporters.JUnitReportReporter -->
<testsuite skipped="0" hostname="MacBook-Pro-Pras.local" name="testcase.forgotPassword" tests="1" failures="0" timestamp="24 May 2018 08:46:39 GMT" time="40.394" errors="0">
  <testcase name="scenario_satu" time="40.394" classname="testcase.forgotPassword"/>
</testsuite> <!-- testcase.forgotPassword -->
