<?xml version="1.0" encoding="UTF-8"?>
<!-- Generated by org.testng.reporters.JUnitReportReporter -->
<testsuite skipped="1" hostname="MacBook-Pro-Pras.local" name="testcase.checkCpIp" tests="1" failures="0" timestamp="08 May 2018 02:58:03 GMT" time="0.000" errors="0">
  <testcase name="scenario_satu" time="0.000" classname="testcase.checkCpIp">
    <skipped/>
  </testcase> <!-- scenario_satu -->
</testsuite> <!-- testcase.checkCpIp -->
