<?xml version="1.0" encoding="UTF-8"?>
<!-- Generated by org.testng.reporters.JUnitReportReporter -->
<testsuite skipped="0" hostname="MacBook-Pro-Pras.local" name="testcase.editReview" tests="1" failures="0" timestamp="18 May 2018 02:34:58 GMT" time="41.015" errors="0">
  <testcase name="scenario_satu" time="41.015" classname="testcase.editReview"/>
</testsuite> <!-- testcase.editReview -->
