<?xml version="1.0" encoding="UTF-8"?>
<!-- Generated by org.testng.reporters.JUnitReportReporter -->
<testsuite skipped="0" hostname="MacBook-Pro-Pras.local" name="testcase.addReview" tests="1" failures="0" timestamp="18 May 2018 02:31:37 GMT" time="48.280" errors="0">
  <testcase name="scenario_satu" time="48.280" classname="testcase.addReview"/>
</testsuite> <!-- testcase.addReview -->
