<?xml version="1.0" encoding="UTF-8"?>
<!-- Generated by org.testng.reporters.JUnitReportReporter -->
<testsuite skipped="0" hostname="MacBook-Pro-Pras.local" name="testcase.createAccount" tests="1" failures="0" timestamp="12 Sep 2018 08:35:58 GMT" time="59.579" errors="0">
  <testcase name="scenario_satu" time="59.579" classname="testcase.createAccount"/>
</testsuite> <!-- testcase.createAccount -->
