<?xml version="1.0" encoding="UTF-8"?>
<!-- Generated by org.testng.reporters.JUnitReportReporter -->
<testsuite skipped="1" hostname="MBP-Pras" name="testcase.checkoutSnap" tests="1" failures="0" timestamp="30 Apr 2018 03:00:28 GMT" time="0.001" errors="0">
  <testcase name="scenario_dua" time="0.001" classname="testcase.checkoutSnap">
    <skipped/>
  </testcase> <!-- scenario_dua -->
</testsuite> <!-- testcase.checkoutSnap -->
