<?xml version="1.0" encoding="UTF-8"?>
<!-- Generated by org.testng.reporters.JUnitReportReporter -->
<testsuite skipped="0" hostname="MacBook-Pro-Pras.local" name="testcase.createAccountUsernameLess3" tests="1" failures="0" timestamp="24 May 2018 04:12:49 GMT" time="35.481" errors="0">
  <testcase name="scenario_satu" time="35.481" classname="testcase.createAccountUsernameLess3"/>
</testsuite> <!-- testcase.createAccountUsernameLess3 -->
