<?xml version="1.0" encoding="UTF-8"?>
<!-- Generated by org.testng.reporters.JUnitReportReporter -->
<testsuite skipped="0" hostname="MacBook-Pro-Pras.local" name="testcase.nyoba" tests="1" failures="0" timestamp="04 Sep 2018 09:40:58 GMT" time="10.951" errors="0">
  <testcase name="scenario_satu" time="10.951" classname="testcase.nyoba"/>
</testsuite> <!-- testcase.nyoba -->
