<?xml version="1.0" encoding="UTF-8"?>
<!-- Generated by org.testng.reporters.JUnitReportReporter -->
<testsuite skipped="0" hostname="MacBook-Pro-Pras.local" name="testcase.createAccountUncheckTerms" tests="1" failures="0" timestamp="19 Sep 2018 11:31:01 GMT" time="7.750" errors="0">
  <testcase name="scenario_satu" time="7.750" classname="testcase.createAccountUncheckTerms"/>
</testsuite> <!-- testcase.createAccountUncheckTerms -->
