<?xml version="1.0" encoding="UTF-8"?>
<!-- Generated by org.testng.reporters.JUnitReportReporter -->
<testsuite skipped="0" hostname="MacBook-Pro" name="testcase.SelectSortAddCart" tests="1" failures="0" timestamp="25 Sep 2017 05:40:16 GMT" time="23.887" errors="0">
  <testcase name="scenario_satu" time="23.887" classname="testcase.SelectSortAddCart"/>
</testsuite> <!-- testcase.SelectSortAddCart -->
