<?xml version="1.0" encoding="UTF-8"?>
<!-- Generated by org.testng.reporters.JUnitReportReporter -->
<testsuite skipped="0" hostname="MacBook-Pro-Pras.local" name="testcase.createAccountConfirmPasswordDifferent" tests="1" failures="0" timestamp="24 May 2018 04:02:07 GMT" time="35.992" errors="0">
  <testcase name="scenario_satu" time="35.992" classname="testcase.createAccountConfirmPasswordDifferent"/>
</testsuite> <!-- testcase.createAccountConfirmPasswordDifferent -->
