<?xml version="1.0" encoding="UTF-8"?>
<!-- Generated by org.testng.reporters.JUnitReportReporter -->
<testsuite skipped="0" hostname="MacBook-Pro-Pras.local" name="testcase.filterByMultipleBrand" tests="1" failures="0" timestamp="16 May 2018 12:59:58 GMT" time="43.036" errors="0">
  <testcase name="scenario_satu" time="43.036" classname="testcase.filterByMultipleBrand"/>
</testsuite> <!-- testcase.filterByMultipleBrand -->
