<?xml version="1.0" encoding="UTF-8"?>
<!-- Generated by org.testng.reporters.JUnitReportReporter -->
<testsuite skipped="0" hostname="MacBook-Pro-Pras.local" name="testcase.createAccount" tests="1" failures="0" timestamp="24 May 2018 03:59:03 GMT" time="36.853" errors="0">
  <testcase name="scenario_satu" time="36.853" classname="testcase.createAccount"/>
</testsuite> <!-- testcase.createAccount -->
