<?xml version="1.0" encoding="UTF-8"?>
<!-- Generated by org.testng.reporters.JUnitReportReporter -->
<testsuite skipped="0" hostname="MacBook-Pro-Pras.local" name="testcase.commentLastAddedProductAnother" tests="1" failures="0" timestamp="21 May 2018 07:23:21 GMT" time="64.968" errors="0">
  <testcase name="scenario_satu" time="64.968" classname="testcase.commentLastAddedProductAnother"/>
</testsuite> <!-- testcase.commentLastAddedProductAnother -->
