<?xml version="1.0" encoding="UTF-8"?>
<!-- Generated by org.testng.reporters.JUnitReportReporter -->
<testsuite skipped="0" hostname="MacBook-Pro-Pras.local" name="testcase.addProductBeforeLogin" tests="1" failures="0" timestamp="24 Sep 2018 04:34:18 GMT" time="20.095" errors="0">
  <testcase name="scenario_satu" time="20.095" classname="testcase.addProductBeforeLogin"/>
</testsuite> <!-- testcase.addProductBeforeLogin -->
