<?xml version="1.0" encoding="UTF-8"?>
<!-- Generated by org.testng.reporters.JUnitReportReporter -->
<testsuite skipped="0" hostname="MacBook-Pro-Pras.local" name="testcase.createAccountUsernameLess3" tests="1" failures="0" timestamp="19 Sep 2018 06:08:34 GMT" time="9.615" errors="0">
  <testcase name="scenario_satu" time="9.615" classname="testcase.createAccountUsernameLess3"/>
</testsuite> <!-- testcase.createAccountUsernameLess3 -->
