<?xml version="1.0" encoding="UTF-8"?>
<!-- Generated by org.testng.reporters.JUnitReportReporter -->
<testsuite skipped="0" hostname="MacBook-Pro-Pras.local" name="testcase.createAccountPasswordLess6" tests="1" failures="0" timestamp="19 Sep 2018 06:17:01 GMT" time="11.682" errors="0">
  <testcase name="scenario_satu" time="11.682" classname="testcase.createAccountPasswordLess6"/>
</testsuite> <!-- testcase.createAccountPasswordLess6 -->
