<?xml version="1.0" encoding="UTF-8"?>
<!-- Generated by org.testng.reporters.JUnitReportReporter -->
<testsuite skipped="0" hostname="MacBook-Pro-Pras.local" name="testcase.hoverProductAlreadyReviewed" tests="1" failures="0" timestamp="16 May 2018 11:27:45 GMT" time="46.536" errors="0">
  <testcase name="scenario_satu" time="46.536" classname="testcase.hoverProductAlreadyReviewed"/>
</testsuite> <!-- testcase.hoverProductAlreadyReviewed -->
