<?xml version="1.0" encoding="UTF-8"?>
<!-- Generated by org.testng.reporters.JUnitReportReporter -->
<testsuite skipped="0" hostname="MacBook-Pro-Pras.local" name="testcase.addProduct" tests="1" failures="0" timestamp="15 May 2018 10:59:15 GMT" time="66.454" errors="0">
  <testcase name="scenario_satu" time="66.454" classname="testcase.addProduct"/>
</testsuite> <!-- testcase.addProduct -->
