<?xml version="1.0" encoding="UTF-8"?>
<!-- Generated by org.testng.reporters.JUnitReportReporter -->
<testsuite skipped="0" hostname="MacBook-Pro-Pras.local" name="testcase.addProduct" tests="1" failures="0" timestamp="25 May 2018 03:44:02 GMT" time="68.144" errors="0">
  <testcase name="scenario_satu" time="68.144" classname="testcase.addProduct"/>
</testsuite> <!-- testcase.addProduct -->
