<?xml version="1.0" encoding="UTF-8"?>
<!-- Generated by org.testng.reporters.JUnitReportReporter -->
<testsuite skipped="0" hostname="MacBook-Pro-Pras.local" name="testcase.createAccountUsingRegisteredUsername" tests="1" failures="0" timestamp="24 May 2018 04:16:08 GMT" time="42.892" errors="0">
  <testcase name="scenario_satu" time="42.892" classname="testcase.createAccountUsingRegisteredUsername"/>
</testsuite> <!-- testcase.createAccountUsingRegisteredUsername -->
