<?xml version="1.0" encoding="UTF-8"?>
<!-- Generated by org.testng.reporters.JUnitReportReporter -->
<testsuite skipped="1" hostname="MacBook-Pro-Pras.local" name="testcase.checkoutLoginNoSnap" tests="1" failures="0" timestamp="04 May 2018 07:11:08 GMT" time="0.000" errors="0">
  <testcase name="scenario_satu" time="0.000" classname="testcase.checkoutLoginNoSnap">
    <skipped/>
  </testcase> <!-- scenario_satu -->
</testsuite> <!-- testcase.checkoutLoginNoSnap -->
