<?xml version="1.0" encoding="UTF-8"?>
<!-- Generated by org.testng.reporters.JUnitReportReporter -->
<testsuite skipped="0" hostname="MacBook-Pro-Pras.local" name="testcase.browseProductAnotherPage" tests="1" failures="0" timestamp="17 May 2018 04:44:03 GMT" time="40.841" errors="0">
  <testcase name="scenario_satu" time="40.841" classname="testcase.browseProductAnotherPage"/>
</testsuite> <!-- testcase.browseProductAnotherPage -->
