<?xml version="1.0" encoding="UTF-8"?>
<!-- Generated by org.testng.reporters.JUnitReportReporter -->
<testsuite skipped="0" hostname="MacBook-Pro-Pras.local" name="testcase.addReview" tests="1" failures="0" timestamp="24 May 2018 07:38:05 GMT" time="51.359" errors="0">
  <testcase name="scenario_satu" time="51.359" classname="testcase.addReview"/>
</testsuite> <!-- testcase.addReview -->
