<?xml version="1.0" encoding="UTF-8"?>
<!-- Generated by org.testng.reporters.JUnitReportReporter -->
<testsuite skipped="0" hostname="MacBook-Pro-Pras.local" name="testcase.createAccount" tests="1" failures="0" timestamp="14 Sep 2018 03:56:06 GMT" time="15.446" errors="0">
  <testcase name="scenario_satu" time="15.446" classname="testcase.createAccount"/>
</testsuite> <!-- testcase.createAccount -->
