<?xml version="1.0" encoding="UTF-8"?>
<!-- Generated by org.testng.reporters.JUnitReportReporter -->
<testsuite skipped="0" hostname="MacBook-Pro-Pras.local" name="testcase.viewListProductByBrand" tests="1" failures="0" timestamp="17 May 2018 07:05:43 GMT" time="40.203" errors="0">
  <testcase name="scenario_satu" time="40.203" classname="testcase.viewListProductByBrand"/>
</testsuite> <!-- testcase.viewListProductByBrand -->
