<?xml version="1.0" encoding="UTF-8"?>
<!-- Generated by org.testng.reporters.JUnitReportReporter -->
<testsuite skipped="0" hostname="MacBook-Pro-Pras.local" name="testcase.searchBrand" tests="1" failures="0" timestamp="05 Jun 2018 03:57:09 GMT" time="105.446" errors="0">
  <testcase name="scenario_satu" time="105.446" classname="testcase.searchBrand"/>
</testsuite> <!-- testcase.searchBrand -->
