<?xml version="1.0" encoding="UTF-8"?>
<!-- Generated by org.testng.reporters.JUnitReportReporter -->
<testsuite skipped="1" hostname="MacBook-Pro.local" name="datadriven.DataProviderWithExcel" tests="1" failures="0" timestamp="21 Aug 2017 11:12:22 GMT" time="0.000" errors="0">
  <testcase name="Registration_data" time="0.000" classname="datadriven.DataProviderWithExcel">
    <skipped/>
  </testcase> <!-- Registration_data -->
</testsuite> <!-- datadriven.DataProviderWithExcel -->
