<?xml version="1.0" encoding="UTF-8"?>
<!-- Generated by org.testng.reporters.JUnitReportReporter -->
<testsuite skipped="0" hostname="MacBook-Pro.local" name="udemy.Normal" tests="2" failures="0" timestamp="22 Aug 2017 08:37:13 GMT" time="191.807" errors="0">
  <testcase name="scenario_satu" time="111.959" classname="udemy.Normal"/>
  <testcase name="scenario_satu" time="79.848" classname="udemy.Normal"/>
</testsuite> <!-- udemy.Normal -->
