<?xml version="1.0" encoding="UTF-8"?>
<!-- Generated by org.testng.reporters.JUnitReportReporter -->
<testsuite skipped="0" hostname="MacBook-Pro" name="testcase.CheckoutLoginSnap" tests="1" failures="0" timestamp="11 Jan 2018 10:11:27 GMT" time="138.936" errors="0">
  <testcase name="scenario_satu" time="138.936" classname="testcase.CheckoutLoginSnap"/>
</testsuite> <!-- testcase.CheckoutLoginSnap -->
