<?xml version="1.0" encoding="UTF-8"?>
<!-- Generated by org.testng.reporters.JUnitReportReporter -->
<testsuite skipped="0" hostname="supports-MacBook-Pro-4.local" name="workbench.Disburse" tests="3" failures="0" timestamp="25 Aug 2017 07:53:59 GMT" time="141.428" errors="0">
  <testcase name="processStaff" time="34.306" classname="workbench.Disburse"/>
  <testcase name="processsupercs" time="30.673" classname="workbench.Disburse"/>
  <testcase name="processManager" time="76.449" classname="workbench.Disburse"/>
</testsuite> <!-- workbench.Disburse -->
