<?xml version="1.0" encoding="UTF-8"?>
<!-- Generated by org.testng.reporters.JUnitReportReporter -->
<testsuite skipped="0" hostname="supports-MacBook-Pro-4.local" name="testcase.validasi_datadiri" tests="1" failures="0" timestamp="10 Jul 2017 12:40:48 GMT" time="34.064" errors="0">
  <testcase name="dropoff" time="34.064" classname="testcase.validasi_datadiri"/>
</testsuite> <!-- testcase.validasi_datadiri -->
