<?xml version="1.0" encoding="UTF-8"?>
<!-- Generated by org.testng.reporters.JUnitReportReporter -->
<testsuite skipped="0" hostname="MacBook-Pro" name="testcase.CheckoutNoSnap" tests="1" failures="0" timestamp="10 Jan 2018 06:37:56 GMT" time="113.497" errors="0">
  <testcase name="scenario_satu" time="113.497" classname="testcase.CheckoutNoSnap"/>
</testsuite> <!-- testcase.CheckoutNoSnap -->
