<?xml version="1.0" encoding="UTF-8"?>
<!-- Generated by org.testng.reporters.JUnitReportReporter -->
<testsuite skipped="0" hostname="supports-MacBook-Pro-4.local" name="testcase.database" tests="1" failures="0" timestamp="05 Jul 2017 06:56:44 GMT" time="0.009" errors="0">
  <testcase name="testcase" time="0.009" classname="testcase.database"/>
</testsuite> <!-- testcase.database -->
