<?xml version="1.0" encoding="UTF-8"?>
<!-- Generated by org.testng.reporters.JUnitReportReporter -->
<testsuite skipped="0" hostname="MacBook-Pro" name="testcase.CheckoutSnap" tests="1" failures="0" timestamp="11 Jan 2018 09:57:14 GMT" time="120.241" errors="0">
  <testcase name="scenario_satu" time="120.241" classname="testcase.CheckoutSnap"/>
</testsuite> <!-- testcase.CheckoutSnap -->
